<?xml version="1.0" encoding="UTF-8"?>
<!-- Generated by org.testng.reporters.JUnitXMLReporter -->
<testsuite hostname="BDC4-L-61062ND" ignored="0" name="Test" tests="3" failures="1" timestamp="2020-05-22T13:17:42 IST" time="111.53" errors="0">
  <testcase name="validateBrandLogoTest" time="1.865" classname="com.crm.qa.tests.LaunchPageTest">
    <failure type="java.lang.AssertionError" message="expected [true] but found [false]">
      <![CDATA[java.lang.AssertionError: expected [true] but found [false]
at com.crm.qa.tests.LaunchPageTest.validateBrandLogoTest(LaunchPageTest.java:39)
at java.util.ArrayList.forEach(Unknown Source)
... Removed 31 stack frames]]>
    </failure>
  </testcase> <!-- validateBrandLogoTest -->
  <testcase name="validateLoginButtonTest" time="15.927" classname="com.crm.qa.tests.LaunchPageTest"/>
  <testcase name="validateSignupLinkTest" time="10.995" classname="com.crm.qa.tests.LaunchPageTest"/>
</testsuite> <!-- Test -->
