<?xml version="1.0" encoding="UTF-8"?>
<!-- Generated by org.testng.reporters.JUnitXMLReporter -->
<testsuite hostname="BDC4-L-61062ND" ignored="0" name="LaunchPageTest" tests="3" failures="1" timestamp="2020-05-25T12:48:55 IST" time="96.164" errors="0">
  <testcase name="validateBrandLogoTest" time="1.15" classname="com.crm.qa.tests.LaunchPageTest">
    <failure type="java.lang.AssertionError" message="expected [true] but found [false]">
      <![CDATA[java.lang.AssertionError: expected [true] but found [false]
at com.crm.qa.tests.LaunchPageTest.validateBrandLogoTest(LaunchPageTest.java:33)
at java.util.ArrayList.forEach(ArrayList.java:1257)
... Removed 35 stack frames]]>
    </failure>
  </testcase> <!-- validateBrandLogoTest -->
  <testcase name="validateLoginButtonTest" time="8.363" classname="com.crm.qa.tests.LaunchPageTest"/>
  <testcase name="validateSignupLinkTest" time="5.312" classname="com.crm.qa.tests.LaunchPageTest"/>
</testsuite> <!-- LaunchPageTest -->
