<?xml version="1.0" encoding="UTF-8"?>
<testng-results skipped="0" failed="1" ignored="0" total="3" passed="2">
  <reporter-output>
  </reporter-output>
  <suite name="Suite" duration-ms="111530" started-at="2020-05-22T13:15:50 IST" finished-at="2020-05-22T13:17:42 IST">
    <groups>
    </groups>
    <test name="Test" duration-ms="111530" started-at="2020-05-22T13:15:50 IST" finished-at="2020-05-22T13:17:42 IST">
      <class name="com.crm.qa.tests.LaunchPageTest">
        <test-method status="PASS" signature="setUp()[pri:0, instance:com.crm.qa.tests.LaunchPageTest@32502377]" name="setUp" is-config="true" duration-ms="29815" started-at="2020-05-22T13:15:50 IST" finished-at="2020-05-22T13:16:20 IST">
          <reporter-output>
          </reporter-output>
        </test-method> <!-- setUp -->
        <test-method status="FAIL" signature="validateBrandLogoTest()[pri:1, instance:com.crm.qa.tests.LaunchPageTest@32502377]" name="validateBrandLogoTest" duration-ms="1865" started-at="2020-05-22T13:16:20 IST" finished-at="2020-05-22T13:16:22 IST">
          <exception class="java.lang.AssertionError">
            <message>
              <![CDATA[expected [true] but found [false]]]>
            </message>
            <full-stacktrace>
              <![CDATA[java.lang.AssertionError: expected [true] but found [false]
at org.testng.Assert.fail(Assert.java:97)
at org.testng.Assert.failNotEquals(Assert.java:968)
at org.testng.Assert.assertTrue(Assert.java:43)
at org.testng.Assert.assertTrue(Assert.java:53)
at com.crm.qa.tests.LaunchPageTest.validateBrandLogoTest(LaunchPageTest.java:39)
at sun.reflect.NativeMethodAccessorImpl.invoke0(Native Method)
at sun.reflect.NativeMethodAccessorImpl.invoke(Unknown Source)
at sun.reflect.DelegatingMethodAccessorImpl.invoke(Unknown Source)
at java.lang.reflect.Method.invoke(Unknown Source)
at org.testng.internal.MethodInvocationHelper.invokeMethod(MethodInvocationHelper.java:135)
at org.testng.internal.TestInvoker.invokeMethod(TestInvoker.java:598)
at org.testng.internal.TestInvoker.invokeTestMethod(TestInvoker.java:174)
at org.testng.internal.MethodRunner.runInSequence(MethodRunner.java:46)
at org.testng.internal.TestInvoker$MethodInvocationAgent.invoke(TestInvoker.java:821)
at org.testng.internal.TestInvoker.invokeTestMethods(TestInvoker.java:147)
at org.testng.internal.TestMethodWorker.invokeTestMethods(TestMethodWorker.java:146)
at org.testng.internal.TestMethodWorker.run(TestMethodWorker.java:128)
at java.util.ArrayList.forEach(Unknown Source)
at org.testng.TestRunner.privateRun(TestRunner.java:767)
at org.testng.TestRunner.run(TestRunner.java:588)
at org.testng.SuiteRunner.runTest(SuiteRunner.java:384)
at org.testng.SuiteRunner.runSequentially(SuiteRunner.java:378)
at org.testng.SuiteRunner.privateRun(SuiteRunner.java:337)
at org.testng.SuiteRunner.run(SuiteRunner.java:286)
at org.testng.SuiteRunnerWorker.runSuite(SuiteRunnerWorker.java:53)
at org.testng.SuiteRunnerWorker.run(SuiteRunnerWorker.java:96)
at org.testng.TestNG.runSuitesSequentially(TestNG.java:1214)
at org.testng.TestNG.runSuitesLocally(TestNG.java:1136)
at org.testng.TestNG.runSuites(TestNG.java:1066)
at org.testng.TestNG.run(TestNG.java:1034)
at org.testng.remote.AbstractRemoteTestNG.run(AbstractRemoteTestNG.java:115)
at org.testng.remote.RemoteTestNG.initAndRun(RemoteTestNG.java:251)
at org.testng.remote.RemoteTestNG.main(RemoteTestNG.java:77)
]]>
            </full-stacktrace>
          </exception> <!-- java.lang.AssertionError -->
          <reporter-output>
          </reporter-output>
        </test-method> <!-- validateBrandLogoTest -->
        <test-method status="PASS" signature="tearDown()[pri:0, instance:com.crm.qa.tests.LaunchPageTest@32502377]" name="tearDown" is-config="true" duration-ms="987" started-at="2020-05-22T13:16:24 IST" finished-at="2020-05-22T13:16:25 IST">
          <reporter-output>
          </reporter-output>
        </test-method> <!-- tearDown -->
        <test-method status="PASS" signature="setUp()[pri:0, instance:com.crm.qa.tests.LaunchPageTest@32502377]" name="setUp" is-config="true" duration-ms="23412" started-at="2020-05-22T13:16:25 IST" finished-at="2020-05-22T13:16:48 IST">
          <reporter-output>
          </reporter-output>
        </test-method> <!-- setUp -->
        <test-method status="PASS" signature="validateLoginButtonTest()[pri:2, instance:com.crm.qa.tests.LaunchPageTest@32502377]" name="validateLoginButtonTest" duration-ms="15927" started-at="2020-05-22T13:16:48 IST" finished-at="2020-05-22T13:17:04 IST">
          <reporter-output>
          </reporter-output>
        </test-method> <!-- validateLoginButtonTest -->
        <test-method status="PASS" signature="tearDown()[pri:0, instance:com.crm.qa.tests.LaunchPageTest@32502377]" name="tearDown" is-config="true" duration-ms="688" started-at="2020-05-22T13:17:04 IST" finished-at="2020-05-22T13:17:05 IST">
          <reporter-output>
          </reporter-output>
        </test-method> <!-- tearDown -->
        <test-method status="PASS" signature="setUp()[pri:0, instance:com.crm.qa.tests.LaunchPageTest@32502377]" name="setUp" is-config="true" duration-ms="24697" started-at="2020-05-22T13:17:05 IST" finished-at="2020-05-22T13:17:29 IST">
          <reporter-output>
          </reporter-output>
        </test-method> <!-- setUp -->
        <test-method status="PASS" signature="validateSignupLinkTest()[pri:3, instance:com.crm.qa.tests.LaunchPageTest@32502377]" name="validateSignupLinkTest" duration-ms="10995" started-at="2020-05-22T13:17:29 IST" finished-at="2020-05-22T13:17:40 IST">
          <reporter-output>
          </reporter-output>
        </test-method> <!-- validateSignupLinkTest -->
        <test-method status="PASS" signature="tearDown()[pri:0, instance:com.crm.qa.tests.LaunchPageTest@32502377]" name="tearDown" is-config="true" duration-ms="1376" started-at="2020-05-22T13:17:40 IST" finished-at="2020-05-22T13:17:42 IST">
          <reporter-output>
          </reporter-output>
        </test-method> <!-- tearDown -->
      </class> <!-- com.crm.qa.tests.LaunchPageTest -->
    </test> <!-- Test -->
  </suite> <!-- Suite -->
</testng-results>
